2021-10-21 17:34:32.735 [main] ERROR DataHandler - Error during reading from file.
java.io.FileNotFoundException: resources/data.txt (No such file or directory)
	at java.io.FileInputStream.open0(Native Method) ~[?:?]
	at java.io.FileInputStream.open(FileInputStream.java:219) ~[?:?]
	at java.io.FileInputStream.<init>(FileInputStream.java:157) ~[?:?]
	at java.io.FileInputStream.<init>(FileInputStream.java:112) ~[?:?]
	at java.io.FileReader.<init>(FileReader.java:60) ~[?:?]
	at DataHandler.calculateAverage(DataHandler.java:13) [classes/:?]
	at Main.main(Main.java:5) [classes/:?]
2021-10-21 17:35:19.193 [main] ERROR DataHandler - Error during reading from file.
java.io.FileNotFoundException: ../resources/data.txt (No such file or directory)
	at java.io.FileInputStream.open0(Native Method) ~[?:?]
	at java.io.FileInputStream.open(FileInputStream.java:219) ~[?:?]
	at java.io.FileInputStream.<init>(FileInputStream.java:157) ~[?:?]
	at java.io.FileInputStream.<init>(FileInputStream.java:112) ~[?:?]
	at java.io.FileReader.<init>(FileReader.java:60) ~[?:?]
	at DataHandler.calculateAverage(DataHandler.java:13) [classes/:?]
	at Main.main(Main.java:5) [classes/:?]
2021-10-21 17:37:44.414 [main] ERROR DataHandler - Error during reading from file.
java.io.FileNotFoundException: ../resources/data.txt (No such file or directory)
	at java.io.FileInputStream.open0(Native Method) ~[?:?]
	at java.io.FileInputStream.open(FileInputStream.java:219) ~[?:?]
	at java.io.FileInputStream.<init>(FileInputStream.java:157) ~[?:?]
	at java.io.FileInputStream.<init>(FileInputStream.java:112) ~[?:?]
	at java.io.FileReader.<init>(FileReader.java:60) ~[?:?]
	at DataHandler.calculateAverage(DataHandler.java:13) [classes/:?]
	at Main.main(Main.java:5) [classes/:?]
2021-10-21 17:37:55.045 [main] ERROR DataHandler - Error during reading from file.
java.io.FileNotFoundException: resources/data.txt (No such file or directory)
	at java.io.FileInputStream.open0(Native Method) ~[?:?]
	at java.io.FileInputStream.open(FileInputStream.java:219) ~[?:?]
	at java.io.FileInputStream.<init>(FileInputStream.java:157) ~[?:?]
	at java.io.FileInputStream.<init>(FileInputStream.java:112) ~[?:?]
	at java.io.FileReader.<init>(FileReader.java:60) ~[?:?]
	at DataHandler.calculateAverage(DataHandler.java:13) [classes/:?]
	at Main.main(Main.java:5) [classes/:?]
2021-10-21 17:40:12.770 [main] ERROR DataHandler - Error during reading from file.
java.io.FileNotFoundException: resources/data.txt (No such file or directory)
	at java.io.FileInputStream.open0(Native Method) ~[?:?]
	at java.io.FileInputStream.open(FileInputStream.java:219) ~[?:?]
	at java.io.FileInputStream.<init>(FileInputStream.java:157) ~[?:?]
	at java.io.FileInputStream.<init>(FileInputStream.java:112) ~[?:?]
	at java.io.FileReader.<init>(FileReader.java:60) ~[?:?]
	at DataHandler.calculateAverage(DataHandler.java:14) [classes/:?]
	at Main.main(Main.java:5) [classes/:?]
2021-10-21 17:40:41.855 [main] ERROR DataHandler - Error during reading from file.
java.io.FileNotFoundException: ../resources/data.txt (No such file or directory)
	at java.io.FileInputStream.open0(Native Method) ~[?:?]
	at java.io.FileInputStream.open(FileInputStream.java:219) ~[?:?]
	at java.io.FileInputStream.<init>(FileInputStream.java:157) ~[?:?]
	at java.io.FileInputStream.<init>(FileInputStream.java:112) ~[?:?]
	at java.io.FileReader.<init>(FileReader.java:60) ~[?:?]
	at DataHandler.calculateAverage(DataHandler.java:14) [classes/:?]
	at Main.main(Main.java:5) [classes/:?]
2021-10-21 18:17:26.620 [main] ERROR DataHandler - Error during reading from file.
java.io.FileNotFoundException: src/main/resources (Is a directory)
	at java.io.FileOutputStream.open0(Native Method) ~[?:?]
	at java.io.FileOutputStream.open(FileOutputStream.java:298) ~[?:?]
	at java.io.FileOutputStream.<init>(FileOutputStream.java:237) ~[?:?]
	at java.io.FileOutputStream.<init>(FileOutputStream.java:158) ~[?:?]
	at java.io.FileWriter.<init>(FileWriter.java:82) ~[?:?]
	at DataHandler.calculateAverage(DataHandler.java:32) [classes/:?]
	at Main.main(Main.java:5) [classes/:?]
2021-10-21 18:42:03.410 [main] ERROR DataHandler - Error during parsing to int
java.lang.NumberFormatException: For input string: "101.19999694824219"
	at java.lang.NumberFormatException.forInputString(NumberFormatException.java:65) ~[?:?]
	at java.lang.Integer.parseInt(Integer.java:652) ~[?:?]
	at java.lang.Integer.parseInt(Integer.java:770) ~[?:?]
	at DataHandler.calculateAverage(DataHandler.java:18) [classes/:?]
	at Main.main(Main.java:4) [classes/:?]
2021-10-21 18:42:06.914 [main] ERROR DataHandler - Error during parsing to int
java.lang.NumberFormatException: For input string: "101.19999694824219"
	at java.lang.NumberFormatException.forInputString(NumberFormatException.java:65) ~[?:?]
	at java.lang.Integer.parseInt(Integer.java:652) ~[?:?]
	at java.lang.Integer.parseInt(Integer.java:770) ~[?:?]
	at DataHandler.calculateAverage(DataHandler.java:18) [classes/:?]
	at Main.main(Main.java:4) [classes/:?]
2021-10-21 18:43:38.586 [main] ERROR DataHandler - Error during parsing to int
java.lang.NumberFormatException: null
	at java.lang.Integer.parseInt(Integer.java:614) ~[?:?]
	at java.lang.Integer.parseInt(Integer.java:770) ~[?:?]
	at DataHandler.calculateAverage(DataHandler.java:14) [classes/:?]
	at Main.main(Main.java:4) [classes/:?]
2021-10-21 18:44:13.096 [main] ERROR DataHandler - Error during parsing to int
java.lang.NumberFormatException: For input string: "101.19999694824219"
	at java.lang.NumberFormatException.forInputString(NumberFormatException.java:65) ~[?:?]
	at java.lang.Integer.parseInt(Integer.java:652) ~[?:?]
	at java.lang.Integer.parseInt(Integer.java:770) ~[?:?]
	at DataHandler.calculateAverage(DataHandler.java:21) [classes/:?]
	at Main.main(Main.java:4) [classes/:?]
2021-10-21 18:46:28.855 [main] DEBUG DataHandler - 15
2021-10-21 18:46:28.857 [main] DEBUG DataHandler - 34
2021-10-21 18:46:28.857 [main] DEBUG DataHandler - 124
2021-10-21 18:46:28.858 [main] DEBUG DataHandler - 223
2021-10-21 18:46:28.858 [main] DEBUG DataHandler - 21
2021-10-21 18:46:28.858 [main] DEBUG DataHandler - 44
2021-10-21 18:46:28.858 [main] DEBUG DataHandler - 45
2021-10-21 18:46:28.858 [main] DEBUG DataHandler - 33
2021-10-21 18:46:28.858 [main] DEBUG DataHandler - 445
2021-10-21 18:46:28.859 [main] DEBUG DataHandler - 28
2021-10-21 18:48:57.633 [main] ERROR DataHandler - Error during parsing to int
java.lang.NumberFormatException: For input string: "101.19999694824219"
	at java.lang.NumberFormatException.forInputString(NumberFormatException.java:65) ~[?:?]
	at java.lang.Integer.parseInt(Integer.java:652) ~[?:?]
	at java.lang.Integer.parseInt(Integer.java:770) ~[?:?]
	at DataHandler.calculateAverage(DataHandler.java:21) [classes/:?]
	at Main.main(Main.java:4) [classes/:?]
2021-10-21 18:49:07.829 [main] DEBUG DataHandler - Sum - 1012
2021-10-21 18:49:55.457 [main] ERROR DataHandler - Error during parsing to int
java.lang.NumberFormatException: For input string: "101.19999694824219"
	at java.lang.NumberFormatException.forInputString(NumberFormatException.java:65) ~[?:?]
	at java.lang.Integer.parseInt(Integer.java:652) ~[?:?]
	at java.lang.Integer.parseInt(Integer.java:770) ~[?:?]
	at DataHandler.calculateAverage(DataHandler.java:21) [classes/:?]
	at Main.main(Main.java:4) [classes/:?]
2021-10-21 18:50:07.828 [main] DEBUG DataHandler - Sum - 1012
2021-10-21 18:50:07.840 [main] DEBUG DataHandler - Count - 10
2021-10-21 18:50:07.841 [main] DEBUG DataHandler - Average - 101.19999694824219
2021-10-21 18:51:47.333 [main] DEBUG DataHandler - Sum: 1012
2021-10-21 18:51:47.345 [main] DEBUG DataHandler - Count: 10
2021-10-21 18:51:47.346 [main] DEBUG DataHandler - Average: 101.19999694824219
